<!DOCTYPE html>

<html>
  <head>
  <meta charset='utf-8'>
  <title>TestNG reports</title>

    <link type="text/css" href="testng-reports.css" rel="stylesheet" />
    <script type="text/javascript" src="jquery-1.7.1.min.js"></script>
    <script type="text/javascript" src="testng-reports.js"></script>
    <script type="text/javascript" src="https://www.google.com/jsapi"></script>
    <script type='text/javascript'>
      google.load('visualization', '1', {packages:['table']});
      google.setOnLoadCallback(drawTable);
      var suiteTableInitFunctions = new Array();
      var suiteTableData = new Array();
    </script>
    <!--
      <script type="text/javascript" src="jquery-ui/js/jquery-ui-1.8.16.custom.min.js"></script>
     -->
  </head>

  <body>
    <div class="top-banner-root">
      <span class="top-banner-title-font">Test results</span>
      <br/>
      <span class="top-banner-font-1">1 suite, 5 failed tests</span>
    </div> <!-- top-banner-root -->
    <div class="navigator-root">
      <div class="navigator-suite-header">
        <span>All suites</span>
        <a href="#" class="collapse-all-link" title="Collapse/expand all the suites">
          <img class="collapse-all-icon" src="collapseall.gif">
          </img> <!-- collapse-all-icon -->
        </a> <!-- collapse-all-link -->
      </div> <!-- navigator-suite-header -->
      <div class="suite">
        <div class="rounded-window">
          <div class="suite-header light-rounded-window-top">
            <a href="#" class="navigator-link" panel-name="suite-Free_CRM_Test_suite">
              <span class="suite-name border-failed">Free CRM Test suite</span>
            </a> <!-- navigator-link -->
          </div> <!-- suite-header light-rounded-window-top -->
          <div class="navigator-suite-content">
            <div class="suite-section-title">
              <span>Info</span>
            </div> <!-- suite-section-title -->
            <div class="suite-section-content">
              <ul>
                <li>
                  <a href="#" class="navigator-link " panel-name="test-xml-Free_CRM_Test_suite">
                    <span>C:\Users\rajneeshk\Desktop\ProjectsDirectory\FreeCRM\scc\main\resources\testng.xml</span>
                  </a> <!-- navigator-link  -->
                </li>
                <li>
                  <a href="#" class="navigator-link " panel-name="testlist-Free_CRM_Test_suite">
                    <span class="test-stats">1 test</span>
                  </a> <!-- navigator-link  -->
                </li>
                <li>
                  <a href="#" class="navigator-link " panel-name="group-Free_CRM_Test_suite">
                    <span>0 groups</span>
                  </a> <!-- navigator-link  -->
                </li>
                <li>
                  <a href="#" class="navigator-link " panel-name="times-Free_CRM_Test_suite">
                    <span>Times</span>
                  </a> <!-- navigator-link  -->
                </li>
                <li>
                  <a href="#" class="navigator-link " panel-name="reporter-Free_CRM_Test_suite">
                    <span>Reporter output</span>
                  </a> <!-- navigator-link  -->
                </li>
                <li>
                  <a href="#" class="navigator-link " panel-name="ignored-methods-Free_CRM_Test_suite">
                    <span>Ignored methods</span>
                  </a> <!-- navigator-link  -->
                </li>
                <li>
                  <a href="#" class="navigator-link " panel-name="chronological-Free_CRM_Test_suite">
                    <span>Chronological view</span>
                  </a> <!-- navigator-link  -->
                </li>
              </ul>
            </div> <!-- suite-section-content -->
            <div class="result-section">
              <div class="suite-section-title">
                <span>Results</span>
              </div> <!-- suite-section-title -->
              <div class="suite-section-content">
                <ul>
                  <li>
                    <span class="method-stats">13 methods, 5 failed,   8 passed</span>
                  </li>
                  <li>
                    <span class="method-list-title failed">Failed methods</span>
                    <span class="show-or-hide-methods failed">
                      <a href="#" panel-name="suite-Free_CRM_Test_suite" class="hide-methods failed suite-Free_CRM_Test_suite"> (hide)</a> <!-- hide-methods failed suite-Free_CRM_Test_suite -->
                      <a href="#" panel-name="suite-Free_CRM_Test_suite" class="show-methods failed suite-Free_CRM_Test_suite"> (show)</a> <!-- show-methods failed suite-Free_CRM_Test_suite -->
                    </span>
                    <div class="method-list-content failed suite-Free_CRM_Test_suite">
                      <span>
                        <img width="3%" src="failed.png"/>
                        <a href="#" class="method navigator-link" panel-name="suite-Free_CRM_Test_suite" title="com.crm.qa.test.ContactTest" hash-for-method="validateCreateContact(Nazia, Parveen, TestCompany3)">validateCreateContact(Nazia, Parveen, TestCompany3)</a> <!-- method navigator-link -->
                      </span>
                      <br/>
                      <span>
                        <img width="3%" src="failed.png"/>
                        <a href="#" class="method navigator-link" panel-name="suite-Free_CRM_Test_suite" title="com.crm.qa.test.ContactTest" hash-for-method="validateCreateContact(Atul, Kumar, TestCompany4)">validateCreateContact(Atul, Kumar, TestCompany4)</a> <!-- method navigator-link -->
                      </span>
                      <br/>
                      <span>
                        <img width="3%" src="failed.png"/>
                        <a href="#" class="method navigator-link" panel-name="suite-Free_CRM_Test_suite" title="com.crm.qa.test.ContactTest" hash-for-method="validateCreateContact(Vashu, Gupta, TestCompany2)">validateCreateContact(Vashu, Gupta, TestCompany2)</a> <!-- method navigator-link -->
                      </span>
                      <br/>
                      <span>
                        <img width="3%" src="failed.png"/>
                        <a href="#" class="method navigator-link" panel-name="suite-Free_CRM_Test_suite" title="com.crm.qa.test.ContactTest" hash-for-method="validateDeleteContact">validateDeleteContact</a> <!-- method navigator-link -->
                      </span>
                      <br/>
                      <span>
                        <img width="3%" src="failed.png"/>
                        <a href="#" class="method navigator-link" panel-name="suite-Free_CRM_Test_suite" title="com.crm.qa.test.ContactTest" hash-for-method="validateSelectContact">validateSelectContact</a> <!-- method navigator-link -->
                      </span>
                      <br/>
                    </div> <!-- method-list-content failed suite-Free_CRM_Test_suite -->
                  </li>
                  <li>
                    <span class="method-list-title passed">Passed methods</span>
                    <span class="show-or-hide-methods passed">
                      <a href="#" panel-name="suite-Free_CRM_Test_suite" class="hide-methods passed suite-Free_CRM_Test_suite"> (hide)</a> <!-- hide-methods passed suite-Free_CRM_Test_suite -->
                      <a href="#" panel-name="suite-Free_CRM_Test_suite" class="show-methods passed suite-Free_CRM_Test_suite"> (show)</a> <!-- show-methods passed suite-Free_CRM_Test_suite -->
                    </span>
                    <div class="method-list-content passed suite-Free_CRM_Test_suite">
                      <span>
                        <img width="3%" src="passed.png"/>
                        <a href="#" class="method navigator-link" panel-name="suite-Free_CRM_Test_suite" title="com.crm.qa.test.HomeTest" hash-for-method="showMenuList">showMenuList</a> <!-- method navigator-link -->
                      </span>
                      <br/>
                      <span>
                        <img width="3%" src="passed.png"/>
                        <a href="#" class="method navigator-link" panel-name="suite-Free_CRM_Test_suite" title="com.crm.qa.test.ContactTest" hash-for-method="validateCreateContact(Suraj, Kumar, TestCompany1)">validateCreateContact(Suraj, Kumar, TestCompany1)</a> <!-- method navigator-link -->
                      </span>
                      <br/>
                      <span>
                        <img width="3%" src="passed.png"/>
                        <a href="#" class="method navigator-link" panel-name="suite-Free_CRM_Test_suite" title="com.crm.qa.test.LoginTest" hash-for-method="validateInvalidLogin">validateInvalidLogin</a> <!-- method navigator-link -->
                      </span>
                      <br/>
                      <span>
                        <img width="3%" src="passed.png"/>
                        <a href="#" class="method navigator-link" panel-name="suite-Free_CRM_Test_suite" title="com.crm.qa.test.LoginTest" hash-for-method="validateLogin">validateLogin</a> <!-- method navigator-link -->
                      </span>
                      <br/>
                      <span>
                        <img width="3%" src="passed.png"/>
                        <a href="#" class="method navigator-link" panel-name="suite-Free_CRM_Test_suite" title="com.crm.qa.test.LoginTest" hash-for-method="validatePageTitle">validatePageTitle</a> <!-- method navigator-link -->
                      </span>
                      <br/>
                      <span>
                        <img width="3%" src="passed.png"/>
                        <a href="#" class="method navigator-link" panel-name="suite-Free_CRM_Test_suite" title="com.crm.qa.test.HomeTest" hash-for-method="verifyCalenderPage">verifyCalenderPage</a> <!-- method navigator-link -->
                      </span>
                      <br/>
                      <span>
                        <img width="3%" src="passed.png"/>
                        <a href="#" class="method navigator-link" panel-name="suite-Free_CRM_Test_suite" title="com.crm.qa.test.HomeTest" hash-for-method="verifyContactPage">verifyContactPage</a> <!-- method navigator-link -->
                      </span>
                      <br/>
                      <span>
                        <img width="3%" src="passed.png"/>
                        <a href="#" class="method navigator-link" panel-name="suite-Free_CRM_Test_suite" title="com.crm.qa.test.HomeTest" hash-for-method="verifyManuClick">verifyManuClick</a> <!-- method navigator-link -->
                      </span>
                      <br/>
                    </div> <!-- method-list-content passed suite-Free_CRM_Test_suite -->
                  </li>
                </ul>
              </div> <!-- suite-section-content -->
            </div> <!-- result-section -->
          </div> <!-- navigator-suite-content -->
        </div> <!-- rounded-window -->
      </div> <!-- suite -->
    </div> <!-- navigator-root -->
    <div class="wrapper">
      <div class="main-panel-root">
        <div panel-name="suite-Free_CRM_Test_suite" class="panel Free_CRM_Test_suite">
          <div class="suite-Free_CRM_Test_suite-class-failed">
            <div class="main-panel-header rounded-window-top">
              <img src="failed.png"/>
              <span class="class-name">com.crm.qa.test.ContactTest</span>
            </div> <!-- main-panel-header rounded-window-top -->
            <div class="main-panel-content rounded-window-bottom">
              <div class="method">
                <div class="method-content">
                  <a name="validateCreateContact(Nazia, Parveen, TestCompany3)">
                  </a> <!-- validateCreateContact(Nazia, Parveen, TestCompany3) -->
                  <span class="method-name">validateCreateContact</span>
                  <span class="parameters">(Nazia, Parveen, TestCompany3)</span>
                  <div class="stack-trace">org.openqa.selenium.NoSuchElementException: no such element: Unable to locate element: {&quot;method&quot;:&quot;css selector&quot;,&quot;selector&quot;:&quot;*[name=&apos;first_name&apos;]&quot;}
  (Session info: chrome=83.0.4103.116)
For documentation on this error, please visit: http://seleniumhq.org/exceptions/no_such_element.html
Build info: version: &apos;3.14.0&apos;, revision: &apos;aacccce0&apos;, time: &apos;2018-08-02T20:19:58.91Z&apos;
System info: host: &apos;360NDCLP182&apos;, ip: &apos;192.168.43.58&apos;, os.name: &apos;Windows 10&apos;, os.arch: &apos;amd64&apos;, os.version: &apos;10.0&apos;, java.version: &apos;1.8.0_181&apos;
Driver info: org.openqa.selenium.chrome.ChromeDriver
Capabilities {acceptInsecureCerts: false, browserName: chrome, browserVersion: 83.0.4103.116, chrome: {chromedriverVersion: 83.0.4103.39 (ccbf011cb2d2b..., userDataDir: C:\Users\RAJNEE~1\AppData\L...}, goog:chromeOptions: {debuggerAddress: localhost:49373}, javascriptEnabled: true, networkConnectionEnabled: false, pageLoadStrategy: normal, platform: WINDOWS, platformName: WINDOWS, proxy: Proxy(), setWindowRect: true, strictFileInteractability: false, timeouts: {implicit: 0, pageLoad: 300000, script: 30000}, unhandledPromptBehavior: dismiss and notify, webauthn:virtualAuthenticators: true}
Session ID: e20d74268095ea5c1ebc0992d088834e
*** Element info: {Using=name, value=first_name}
	at org.openqa.selenium.remote.http.W3CHttpResponseCodec.createException(W3CHttpResponseCodec.java:187)
	at org.openqa.selenium.remote.http.W3CHttpResponseCodec.decode(W3CHttpResponseCodec.java:122)
	at org.openqa.selenium.remote.http.W3CHttpResponseCodec.decode(W3CHttpResponseCodec.java:49)
	at org.openqa.selenium.remote.HttpCommandExecutor.execute(HttpCommandExecutor.java:158)
	at org.openqa.selenium.remote.service.DriverCommandExecutor.execute(DriverCommandExecutor.java:83)
	at org.openqa.selenium.remote.RemoteWebDriver.execute(RemoteWebDriver.java:548)
	at org.openqa.selenium.remote.RemoteWebDriver.findElement(RemoteWebDriver.java:322)
	at org.openqa.selenium.remote.RemoteWebDriver.findElementByName(RemoteWebDriver.java:400)
	at org.openqa.selenium.By$ByName.findElement(By.java:284)
	at org.openqa.selenium.remote.RemoteWebDriver.findElement(RemoteWebDriver.java:314)
	at org.openqa.selenium.support.pagefactory.DefaultElementLocator.findElement(DefaultElementLocator.java:69)
	at org.openqa.selenium.support.pagefactory.internal.LocatingElementHandler.invoke(LocatingElementHandler.java:38)
	at com.sun.proxy.$Proxy10.sendKeys(Unknown Source)
	at com.crm.qa.pages.Contact.createNewContact(Contact.java:67)
	at com.crm.qa.test.ContactTest.validateCreateContact(ContactTest.java:68)
... Removed 33 stack frames
</div> <!-- stack-trace -->
                </div> <!-- method-content -->
              </div> <!-- method -->
              <div class="method">
                <div class="method-content">
                  <a name="validateCreateContact(Atul, Kumar, TestCompany4)">
                  </a> <!-- validateCreateContact(Atul, Kumar, TestCompany4) -->
                  <span class="method-name">validateCreateContact</span>
                  <span class="parameters">(Atul, Kumar, TestCompany4)</span>
                  <div class="stack-trace">org.openqa.selenium.NoSuchElementException: no such element: Unable to locate element: {&quot;method&quot;:&quot;css selector&quot;,&quot;selector&quot;:&quot;*[name=&apos;first_name&apos;]&quot;}
  (Session info: chrome=83.0.4103.116)
For documentation on this error, please visit: http://seleniumhq.org/exceptions/no_such_element.html
Build info: version: &apos;3.14.0&apos;, revision: &apos;aacccce0&apos;, time: &apos;2018-08-02T20:19:58.91Z&apos;
System info: host: &apos;360NDCLP182&apos;, ip: &apos;192.168.43.58&apos;, os.name: &apos;Windows 10&apos;, os.arch: &apos;amd64&apos;, os.version: &apos;10.0&apos;, java.version: &apos;1.8.0_181&apos;
Driver info: org.openqa.selenium.chrome.ChromeDriver
Capabilities {acceptInsecureCerts: false, browserName: chrome, browserVersion: 83.0.4103.116, chrome: {chromedriverVersion: 83.0.4103.39 (ccbf011cb2d2b..., userDataDir: C:\Users\RAJNEE~1\AppData\L...}, goog:chromeOptions: {debuggerAddress: localhost:49404}, javascriptEnabled: true, networkConnectionEnabled: false, pageLoadStrategy: normal, platform: WINDOWS, platformName: WINDOWS, proxy: Proxy(), setWindowRect: true, strictFileInteractability: false, timeouts: {implicit: 0, pageLoad: 300000, script: 30000}, unhandledPromptBehavior: dismiss and notify, webauthn:virtualAuthenticators: true}
Session ID: 2cb4f265d54873d51d4d111d5e4e601c
*** Element info: {Using=name, value=first_name}
	at org.openqa.selenium.remote.http.W3CHttpResponseCodec.createException(W3CHttpResponseCodec.java:187)
	at org.openqa.selenium.remote.http.W3CHttpResponseCodec.decode(W3CHttpResponseCodec.java:122)
	at org.openqa.selenium.remote.http.W3CHttpResponseCodec.decode(W3CHttpResponseCodec.java:49)
	at org.openqa.selenium.remote.HttpCommandExecutor.execute(HttpCommandExecutor.java:158)
	at org.openqa.selenium.remote.service.DriverCommandExecutor.execute(DriverCommandExecutor.java:83)
	at org.openqa.selenium.remote.RemoteWebDriver.execute(RemoteWebDriver.java:548)
	at org.openqa.selenium.remote.RemoteWebDriver.findElement(RemoteWebDriver.java:322)
	at org.openqa.selenium.remote.RemoteWebDriver.findElementByName(RemoteWebDriver.java:400)
	at org.openqa.selenium.By$ByName.findElement(By.java:284)
	at org.openqa.selenium.remote.RemoteWebDriver.findElement(RemoteWebDriver.java:314)
	at org.openqa.selenium.support.pagefactory.DefaultElementLocator.findElement(DefaultElementLocator.java:69)
	at org.openqa.selenium.support.pagefactory.internal.LocatingElementHandler.invoke(LocatingElementHandler.java:38)
	at com.sun.proxy.$Proxy10.sendKeys(Unknown Source)
	at com.crm.qa.pages.Contact.createNewContact(Contact.java:67)
	at com.crm.qa.test.ContactTest.validateCreateContact(ContactTest.java:68)
... Removed 33 stack frames
</div> <!-- stack-trace -->
                </div> <!-- method-content -->
              </div> <!-- method -->
              <div class="method">
                <div class="method-content">
                  <a name="validateCreateContact(Vashu, Gupta, TestCompany2)">
                  </a> <!-- validateCreateContact(Vashu, Gupta, TestCompany2) -->
                  <span class="method-name">validateCreateContact</span>
                  <span class="parameters">(Vashu, Gupta, TestCompany2)</span>
                  <div class="stack-trace">org.openqa.selenium.NoSuchElementException: no such element: Unable to locate element: {&quot;method&quot;:&quot;css selector&quot;,&quot;selector&quot;:&quot;*[name=&apos;first_name&apos;]&quot;}
  (Session info: chrome=83.0.4103.116)
For documentation on this error, please visit: http://seleniumhq.org/exceptions/no_such_element.html
Build info: version: &apos;3.14.0&apos;, revision: &apos;aacccce0&apos;, time: &apos;2018-08-02T20:19:58.91Z&apos;
System info: host: &apos;360NDCLP182&apos;, ip: &apos;192.168.43.58&apos;, os.name: &apos;Windows 10&apos;, os.arch: &apos;amd64&apos;, os.version: &apos;10.0&apos;, java.version: &apos;1.8.0_181&apos;
Driver info: org.openqa.selenium.chrome.ChromeDriver
Capabilities {acceptInsecureCerts: false, browserName: chrome, browserVersion: 83.0.4103.116, chrome: {chromedriverVersion: 83.0.4103.39 (ccbf011cb2d2b..., userDataDir: C:\Users\RAJNEE~1\AppData\L...}, goog:chromeOptions: {debuggerAddress: localhost:49343}, javascriptEnabled: true, networkConnectionEnabled: false, pageLoadStrategy: normal, platform: WINDOWS, platformName: WINDOWS, proxy: Proxy(), setWindowRect: true, strictFileInteractability: false, timeouts: {implicit: 0, pageLoad: 300000, script: 30000}, unhandledPromptBehavior: dismiss and notify, webauthn:virtualAuthenticators: true}
Session ID: c9311f0ee28e5c518c367acbc5cc594c
*** Element info: {Using=name, value=first_name}
	at org.openqa.selenium.remote.http.W3CHttpResponseCodec.createException(W3CHttpResponseCodec.java:187)
	at org.openqa.selenium.remote.http.W3CHttpResponseCodec.decode(W3CHttpResponseCodec.java:122)
	at org.openqa.selenium.remote.http.W3CHttpResponseCodec.decode(W3CHttpResponseCodec.java:49)
	at org.openqa.selenium.remote.HttpCommandExecutor.execute(HttpCommandExecutor.java:158)
	at org.openqa.selenium.remote.service.DriverCommandExecutor.execute(DriverCommandExecutor.java:83)
	at org.openqa.selenium.remote.RemoteWebDriver.execute(RemoteWebDriver.java:548)
	at org.openqa.selenium.remote.RemoteWebDriver.findElement(RemoteWebDriver.java:322)
	at org.openqa.selenium.remote.RemoteWebDriver.findElementByName(RemoteWebDriver.java:400)
	at org.openqa.selenium.By$ByName.findElement(By.java:284)
	at org.openqa.selenium.remote.RemoteWebDriver.findElement(RemoteWebDriver.java:314)
	at org.openqa.selenium.support.pagefactory.DefaultElementLocator.findElement(DefaultElementLocator.java:69)
	at org.openqa.selenium.support.pagefactory.internal.LocatingElementHandler.invoke(LocatingElementHandler.java:38)
	at com.sun.proxy.$Proxy10.sendKeys(Unknown Source)
	at com.crm.qa.pages.Contact.createNewContact(Contact.java:67)
	at com.crm.qa.test.ContactTest.validateCreateContact(ContactTest.java:68)
... Removed 33 stack frames
</div> <!-- stack-trace -->
                </div> <!-- method-content -->
              </div> <!-- method -->
              <div class="method">
                <div class="method-content">
                  <a name="validateDeleteContact">
                  </a> <!-- validateDeleteContact -->
                  <span class="method-name">validateDeleteContact</span>
                  <div class="stack-trace">org.openqa.selenium.NoSuchElementException: no such element: Unable to locate element: {&quot;method&quot;:&quot;xpath&quot;,&quot;selector&quot;:&quot;//td[text()=&apos;rajneesh@Testing.com&apos;]//ancestor::tr//td[@class=&apos;right aligned collapsing options-buttons-container&apos;]//div//button&quot;}
  (Session info: chrome=83.0.4103.116)
For documentation on this error, please visit: http://seleniumhq.org/exceptions/no_such_element.html
Build info: version: &apos;3.14.0&apos;, revision: &apos;aacccce0&apos;, time: &apos;2018-08-02T20:19:58.91Z&apos;
System info: host: &apos;360NDCLP182&apos;, ip: &apos;192.168.43.58&apos;, os.name: &apos;Windows 10&apos;, os.arch: &apos;amd64&apos;, os.version: &apos;10.0&apos;, java.version: &apos;1.8.0_181&apos;
Driver info: org.openqa.selenium.chrome.ChromeDriver
Capabilities {acceptInsecureCerts: false, browserName: chrome, browserVersion: 83.0.4103.116, chrome: {chromedriverVersion: 83.0.4103.39 (ccbf011cb2d2b..., userDataDir: C:\Users\RAJNEE~1\AppData\L...}, goog:chromeOptions: {debuggerAddress: localhost:65418}, javascriptEnabled: true, networkConnectionEnabled: false, pageLoadStrategy: normal, platform: WINDOWS, platformName: WINDOWS, proxy: Proxy(), setWindowRect: true, strictFileInteractability: false, timeouts: {implicit: 0, pageLoad: 300000, script: 30000}, unhandledPromptBehavior: dismiss and notify, webauthn:virtualAuthenticators: true}
Session ID: e1da6346d6404fe90c443825a082bc04
*** Element info: {Using=xpath, value=//td[text()=&apos;rajneesh@Testing.com&apos;]//ancestor::tr//td[@class=&apos;right aligned collapsing options-buttons-container&apos;]//div//button}
	at org.openqa.selenium.remote.http.W3CHttpResponseCodec.createException(W3CHttpResponseCodec.java:187)
	at org.openqa.selenium.remote.http.W3CHttpResponseCodec.decode(W3CHttpResponseCodec.java:122)
	at org.openqa.selenium.remote.http.W3CHttpResponseCodec.decode(W3CHttpResponseCodec.java:49)
	at org.openqa.selenium.remote.HttpCommandExecutor.execute(HttpCommandExecutor.java:158)
	at org.openqa.selenium.remote.service.DriverCommandExecutor.execute(DriverCommandExecutor.java:83)
	at org.openqa.selenium.remote.RemoteWebDriver.execute(RemoteWebDriver.java:548)
	at org.openqa.selenium.remote.RemoteWebDriver.findElement(RemoteWebDriver.java:322)
	at org.openqa.selenium.remote.RemoteWebDriver.findElementByXPath(RemoteWebDriver.java:424)
	at org.openqa.selenium.By$ByXPath.findElement(By.java:353)
	at org.openqa.selenium.remote.RemoteWebDriver.findElement(RemoteWebDriver.java:314)
	at com.crm.qa.pages.Contact.deleteContact(Contact.java:56)
	at com.crm.qa.test.ContactTest.validateDeleteContact(ContactTest.java:52)
... Removed 33 stack frames
</div> <!-- stack-trace -->
                </div> <!-- method-content -->
              </div> <!-- method -->
              <div class="method">
                <div class="method-content">
                  <a name="validateSelectContact">
                  </a> <!-- validateSelectContact -->
                  <span class="method-name">validateSelectContact</span>
                  <div class="stack-trace">org.openqa.selenium.NoSuchElementException: no such element: Unable to locate element: {&quot;method&quot;:&quot;xpath&quot;,&quot;selector&quot;:&quot;//td[text()=&apos;vibha@tesing.com&apos;]&quot;}
  (Session info: chrome=83.0.4103.116)
For documentation on this error, please visit: http://seleniumhq.org/exceptions/no_such_element.html
Build info: version: &apos;3.14.0&apos;, revision: &apos;aacccce0&apos;, time: &apos;2018-08-02T20:19:58.91Z&apos;
System info: host: &apos;360NDCLP182&apos;, ip: &apos;192.168.43.58&apos;, os.name: &apos;Windows 10&apos;, os.arch: &apos;amd64&apos;, os.version: &apos;10.0&apos;, java.version: &apos;1.8.0_181&apos;
Driver info: org.openqa.selenium.chrome.ChromeDriver
Capabilities {acceptInsecureCerts: false, browserName: chrome, browserVersion: 83.0.4103.116, chrome: {chromedriverVersion: 83.0.4103.39 (ccbf011cb2d2b..., userDataDir: C:\Users\RAJNEE~1\AppData\L...}, goog:chromeOptions: {debuggerAddress: localhost:65449}, javascriptEnabled: true, networkConnectionEnabled: false, pageLoadStrategy: normal, platform: WINDOWS, platformName: WINDOWS, proxy: Proxy(), setWindowRect: true, strictFileInteractability: false, timeouts: {implicit: 0, pageLoad: 300000, script: 30000}, unhandledPromptBehavior: dismiss and notify, webauthn:virtualAuthenticators: true}
Session ID: 354248566fcd1c1281fcba1bd33a34f1
*** Element info: {Using=xpath, value=//td[text()=&apos;vibha@tesing.com&apos;]}
	at org.openqa.selenium.remote.http.W3CHttpResponseCodec.createException(W3CHttpResponseCodec.java:187)
	at org.openqa.selenium.remote.http.W3CHttpResponseCodec.decode(W3CHttpResponseCodec.java:122)
	at org.openqa.selenium.remote.http.W3CHttpResponseCodec.decode(W3CHttpResponseCodec.java:49)
	at org.openqa.selenium.remote.HttpCommandExecutor.execute(HttpCommandExecutor.java:158)
	at org.openqa.selenium.remote.service.DriverCommandExecutor.execute(DriverCommandExecutor.java:83)
	at org.openqa.selenium.remote.RemoteWebDriver.execute(RemoteWebDriver.java:548)
	at org.openqa.selenium.remote.RemoteWebDriver.findElement(RemoteWebDriver.java:322)
	at org.openqa.selenium.remote.RemoteWebDriver.findElementByXPath(RemoteWebDriver.java:424)
	at org.openqa.selenium.By$ByXPath.findElement(By.java:353)
	at org.openqa.selenium.remote.RemoteWebDriver.findElement(RemoteWebDriver.java:314)
	at com.crm.qa.pages.Contact.selectContact(Contact.java:50)
	at com.crm.qa.test.ContactTest.validateSelectContact(ContactTest.java:44)
... Removed 33 stack frames
</div> <!-- stack-trace -->
                </div> <!-- method-content -->
              </div> <!-- method -->
            </div> <!-- main-panel-content rounded-window-bottom -->
          </div> <!-- suite-Free_CRM_Test_suite-class-failed -->
          <div class="suite-Free_CRM_Test_suite-class-passed">
            <div class="main-panel-header rounded-window-top">
              <img src="passed.png"/>
              <span class="class-name">com.crm.qa.test.ContactTest</span>
            </div> <!-- main-panel-header rounded-window-top -->
            <div class="main-panel-content rounded-window-bottom">
              <div class="method">
                <div class="method-content">
                  <a name="validateCreateContact(Suraj, Kumar, TestCompany1)">
                  </a> <!-- validateCreateContact(Suraj, Kumar, TestCompany1) -->
                  <span class="method-name">validateCreateContact</span>
                  <span class="parameters">(Suraj, Kumar, TestCompany1)</span>
                </div> <!-- method-content -->
              </div> <!-- method -->
            </div> <!-- main-panel-content rounded-window-bottom -->
          </div> <!-- suite-Free_CRM_Test_suite-class-passed -->
          <div class="suite-Free_CRM_Test_suite-class-passed">
            <div class="main-panel-header rounded-window-top">
              <img src="passed.png"/>
              <span class="class-name">com.crm.qa.test.LoginTest</span>
            </div> <!-- main-panel-header rounded-window-top -->
            <div class="main-panel-content rounded-window-bottom">
              <div class="method">
                <div class="method-content">
                  <a name="validateInvalidLogin">
                  </a> <!-- validateInvalidLogin -->
                  <span class="method-name">validateInvalidLogin</span>
                </div> <!-- method-content -->
              </div> <!-- method -->
              <div class="method">
                <div class="method-content">
                  <a name="validateLogin">
                  </a> <!-- validateLogin -->
                  <span class="method-name">validateLogin</span>
                </div> <!-- method-content -->
              </div> <!-- method -->
              <div class="method">
                <div class="method-content">
                  <a name="validatePageTitle">
                  </a> <!-- validatePageTitle -->
                  <span class="method-name">validatePageTitle</span>
                </div> <!-- method-content -->
              </div> <!-- method -->
            </div> <!-- main-panel-content rounded-window-bottom -->
          </div> <!-- suite-Free_CRM_Test_suite-class-passed -->
          <div class="suite-Free_CRM_Test_suite-class-passed">
            <div class="main-panel-header rounded-window-top">
              <img src="passed.png"/>
              <span class="class-name">com.crm.qa.test.HomeTest</span>
            </div> <!-- main-panel-header rounded-window-top -->
            <div class="main-panel-content rounded-window-bottom">
              <div class="method">
                <div class="method-content">
                  <a name="showMenuList">
                  </a> <!-- showMenuList -->
                  <span class="method-name">showMenuList</span>
                </div> <!-- method-content -->
              </div> <!-- method -->
              <div class="method">
                <div class="method-content">
                  <a name="verifyCalenderPage">
                  </a> <!-- verifyCalenderPage -->
                  <span class="method-name">verifyCalenderPage</span>
                </div> <!-- method-content -->
              </div> <!-- method -->
              <div class="method">
                <div class="method-content">
                  <a name="verifyContactPage">
                  </a> <!-- verifyContactPage -->
                  <span class="method-name">verifyContactPage</span>
                </div> <!-- method-content -->
              </div> <!-- method -->
              <div class="method">
                <div class="method-content">
                  <a name="verifyManuClick">
                  </a> <!-- verifyManuClick -->
                  <span class="method-name">verifyManuClick</span>
                </div> <!-- method-content -->
              </div> <!-- method -->
            </div> <!-- main-panel-content rounded-window-bottom -->
          </div> <!-- suite-Free_CRM_Test_suite-class-passed -->
        </div> <!-- panel Free_CRM_Test_suite -->
        <div panel-name="test-xml-Free_CRM_Test_suite" class="panel">
          <div class="main-panel-header rounded-window-top">
            <span class="header-content">C:\Users\rajneeshk\Desktop\ProjectsDirectory\FreeCRM\scc\main\resources\testng.xml</span>
          </div> <!-- main-panel-header rounded-window-top -->
          <div class="main-panel-content rounded-window-bottom">
            <pre>
&lt;?xml version=&quot;1.0&quot; encoding=&quot;UTF-8&quot;?&gt;
&lt;!DOCTYPE suite SYSTEM &quot;http://testng.org/testng-1.0.dtd&quot;&gt;
&lt;suite guice-stage=&quot;DEVELOPMENT&quot; verbose=&quot;0&quot; name=&quot;Free CRM Test suite&quot;&gt;
  &lt;test name=&quot;Free CRM test case&quot;&gt;
    &lt;classes&gt;
      &lt;class name=&quot;com.crm.qa.test.LoginTest&quot;/&gt;
      &lt;class name=&quot;com.crm.qa.test.HomeTest&quot;/&gt;
      &lt;class name=&quot;com.crm.qa.test.ContactTest&quot;/&gt;
    &lt;/classes&gt;
  &lt;/test&gt; &lt;!-- Free CRM test case --&gt;
&lt;/suite&gt; &lt;!-- Free CRM Test suite --&gt;
            </pre>
          </div> <!-- main-panel-content rounded-window-bottom -->
        </div> <!-- panel -->
        <div panel-name="testlist-Free_CRM_Test_suite" class="panel">
          <div class="main-panel-header rounded-window-top">
            <span class="header-content">Tests for Free CRM Test suite</span>
          </div> <!-- main-panel-header rounded-window-top -->
          <div class="main-panel-content rounded-window-bottom">
            <ul>
              <li>
                <span class="test-name">Free CRM test case (3 classes)</span>
              </li>
            </ul>
          </div> <!-- main-panel-content rounded-window-bottom -->
        </div> <!-- panel -->
        <div panel-name="group-Free_CRM_Test_suite" class="panel">
          <div class="main-panel-header rounded-window-top">
            <span class="header-content">Groups for Free CRM Test suite</span>
          </div> <!-- main-panel-header rounded-window-top -->
          <div class="main-panel-content rounded-window-bottom">
          </div> <!-- main-panel-content rounded-window-bottom -->
        </div> <!-- panel -->
        <div panel-name="times-Free_CRM_Test_suite" class="panel">
          <div class="main-panel-header rounded-window-top">
            <span class="header-content">Times for Free CRM Test suite</span>
          </div> <!-- main-panel-header rounded-window-top -->
          <div class="main-panel-content rounded-window-bottom">
            <div class="times-div">
              <script type="text/javascript">
suiteTableInitFunctions.push('tableData_Free_CRM_Test_suite');
function tableData_Free_CRM_Test_suite() {
var data = new google.visualization.DataTable();
data.addColumn('number', 'Number');
data.addColumn('string', 'Method');
data.addColumn('string', 'Class');
data.addColumn('number', 'Time (ms)');
data.addRows(13);
data.setCell(0, 0, 0)
data.setCell(0, 1, 'validateCreateContact')
data.setCell(0, 2, 'com.crm.qa.test.ContactTest')
data.setCell(0, 3, 44045);
data.setCell(1, 0, 1)
data.setCell(1, 1, 'validateCreateContact')
data.setCell(1, 2, 'com.crm.qa.test.ContactTest')
data.setCell(1, 3, 43890);
data.setCell(2, 0, 2)
data.setCell(2, 1, 'validateCreateContact')
data.setCell(2, 2, 'com.crm.qa.test.ContactTest')
data.setCell(2, 3, 43535);
data.setCell(3, 0, 3)
data.setCell(3, 1, 'validateSelectContact')
data.setCell(3, 2, 'com.crm.qa.test.ContactTest')
data.setCell(3, 3, 32089);
data.setCell(4, 0, 4)
data.setCell(4, 1, 'validateDeleteContact')
data.setCell(4, 2, 'com.crm.qa.test.ContactTest')
data.setCell(4, 3, 31857);
data.setCell(5, 0, 5)
data.setCell(5, 1, 'validateCreateContact')
data.setCell(5, 2, 'com.crm.qa.test.ContactTest')
data.setCell(5, 3, 15470);
data.setCell(6, 0, 6)
data.setCell(6, 1, 'verifyManuClick')
data.setCell(6, 2, 'com.crm.qa.test.HomeTest')
data.setCell(6, 3, 2086);
data.setCell(7, 0, 7)
data.setCell(7, 1, 'showMenuList')
data.setCell(7, 2, 'com.crm.qa.test.HomeTest')
data.setCell(7, 3, 1822);
data.setCell(8, 0, 8)
data.setCell(8, 1, 'verifyCalenderPage')
data.setCell(8, 2, 'com.crm.qa.test.HomeTest')
data.setCell(8, 3, 1705);
data.setCell(9, 0, 9)
data.setCell(9, 1, 'verifyContactPage')
data.setCell(9, 2, 'com.crm.qa.test.HomeTest')
data.setCell(9, 3, 1568);
data.setCell(10, 0, 10)
data.setCell(10, 1, 'validateLogin')
data.setCell(10, 2, 'com.crm.qa.test.LoginTest')
data.setCell(10, 3, 1352);
data.setCell(11, 0, 11)
data.setCell(11, 1, 'validateInvalidLogin')
data.setCell(11, 2, 'com.crm.qa.test.LoginTest')
data.setCell(11, 3, 1276);
data.setCell(12, 0, 12)
data.setCell(12, 1, 'validatePageTitle')
data.setCell(12, 2, 'com.crm.qa.test.LoginTest')
data.setCell(12, 3, 7);
window.suiteTableData['Free_CRM_Test_suite']= { tableData: data, tableDiv: 'times-div-Free_CRM_Test_suite'}
return data;
}
              </script>
              <span class="suite-total-time">Total running time: 3 minutes</span>
              <div id="times-div-Free_CRM_Test_suite">
              </div> <!-- times-div-Free_CRM_Test_suite -->
            </div> <!-- times-div -->
          </div> <!-- main-panel-content rounded-window-bottom -->
        </div> <!-- panel -->
        <div panel-name="reporter-Free_CRM_Test_suite" class="panel">
          <div class="main-panel-header rounded-window-top">
            <span class="header-content">Reporter output for Free CRM Test suite</span>
          </div> <!-- main-panel-header rounded-window-top -->
          <div class="main-panel-content rounded-window-bottom">
          </div> <!-- main-panel-content rounded-window-bottom -->
        </div> <!-- panel -->
        <div panel-name="ignored-methods-Free_CRM_Test_suite" class="panel">
          <div class="main-panel-header rounded-window-top">
            <span class="header-content">4 ignored methods</span>
          </div> <!-- main-panel-header rounded-window-top -->
          <div class="main-panel-content rounded-window-bottom">
            <div class="ignored-class-div">
              <span class="ignored-class-name">com.crm.qa.test.ContactTest</span>
              <div class="ignored-methods-div">
                <span class="ignored-method-name">endreport</span>
                <br/>
                <span class="ignored-method-name">setExtent</span>
                <br/>
              </div> <!-- ignored-methods-div -->
            </div> <!-- ignored-class-div -->
            <div class="ignored-class-div">
              <span class="ignored-class-name">com.crm.qa.test.HomeTest</span>
              <div class="ignored-methods-div">
                <span class="ignored-method-name">endreport</span>
                <br/>
                <span class="ignored-method-name">setExtent</span>
                <br/>
              </div> <!-- ignored-methods-div -->
            </div> <!-- ignored-class-div -->
          </div> <!-- main-panel-content rounded-window-bottom -->
        </div> <!-- panel -->
        <div panel-name="chronological-Free_CRM_Test_suite" class="panel">
          <div class="main-panel-header rounded-window-top">
            <span class="header-content">Methods in chronological order</span>
          </div> <!-- main-panel-header rounded-window-top -->
          <div class="main-panel-content rounded-window-bottom">
            <div class="chronological-class">
              <div class="chronological-class-name">com.crm.qa.test.LoginTest</div> <!-- chronological-class-name -->
              <div class="configuration-suite before">
                <span class="method-name">setExtent</span>
                <span class="method-start">0 ms</span>
              </div> <!-- configuration-suite before -->
            </div> <!-- chronological-class -->
            <div class="chronological-class">
              <div class="chronological-class-name">com.crm.qa.test.ContactTest</div> <!-- chronological-class-name -->
              <div class="configuration-method before">
                <span class="method-name">setup</span>
                <span class="method-start">204 ms</span>
              </div> <!-- configuration-method before -->
              <div class="test-method">
                <img src="failed.png">
                </img>
                <span class="method-name">validateDeleteContact</span>
                <span class="method-start">13227 ms</span>
              </div> <!-- test-method -->
              <div class="configuration-method after">
                <span class="method-name">tearDown([TestResult name=validateDeleteContact status=FAILURE method=ContactTest.validateDeleteContact()[pri...)</span>
                <span class="method-start">45084 ms</span>
              </div> <!-- configuration-method after -->
              <div class="configuration-method before">
                <span class="method-name">setup</span>
                <span class="method-start">46092 ms</span>
              </div> <!-- configuration-method before -->
              <div class="test-method">
                <img src="failed.png">
                </img>
                <span class="method-name">validateSelectContact</span>
                <span class="method-start">57850 ms</span>
              </div> <!-- test-method -->
              <div class="configuration-method after">
                <span class="method-name">tearDown([TestResult name=validateSelectContact status=FAILURE method=ContactTest.validateSelectContact()[pri...)</span>
                <span class="method-start">89939 ms</span>
              </div> <!-- configuration-method after -->
            </div> <!-- chronological-class -->
            <div class="chronological-class">
              <div class="chronological-class-name">com.crm.qa.test.LoginTest</div> <!-- chronological-class-name -->
              <div class="configuration-method before">
                <span class="method-name">setup</span>
                <span class="method-start">90938 ms</span>
              </div> <!-- configuration-method before -->
              <div class="test-method">
                <span class="method-name">validatePageTitle</span>
                <span class="method-start">102763 ms</span>
              </div> <!-- test-method -->
              <div class="configuration-method after">
                <span class="method-name">tearDown([TestResult name=validatePageTitle status=SUCCESS method=LoginTest.validatePageTitle()[pri:1, instan...)</span>
                <span class="method-start">102771 ms</span>
              </div> <!-- configuration-method after -->
            </div> <!-- chronological-class -->
            <div class="chronological-class">
              <div class="chronological-class-name">com.crm.qa.test.HomeTest</div> <!-- chronological-class-name -->
              <div class="configuration-method before">
                <span class="method-name">setup</span>
                <span class="method-start">103458 ms</span>
              </div> <!-- configuration-method before -->
              <div class="test-method">
                <span class="method-name">showMenuList</span>
                <span class="method-start">114790 ms</span>
              </div> <!-- test-method -->
              <div class="configuration-method after">
                <span class="method-name">tearDown([TestResult name=showMenuList status=SUCCESS method=HomeTest.showMenuList()[pri:1, instance:com.crm....)</span>
                <span class="method-start">116612 ms</span>
              </div> <!-- configuration-method after -->
            </div> <!-- chronological-class -->
            <div class="chronological-class">
              <div class="chronological-class-name">com.crm.qa.test.LoginTest</div> <!-- chronological-class-name -->
              <div class="configuration-method before">
                <span class="method-name">setup</span>
                <span class="method-start">117353 ms</span>
              </div> <!-- configuration-method before -->
              <div class="test-method">
                <span class="method-name">validateInvalidLogin</span>
                <span class="method-start">129358 ms</span>
              </div> <!-- test-method -->
              <div class="configuration-method after">
                <span class="method-name">tearDown([TestResult name=validateInvalidLogin status=SUCCESS method=LoginTest.validateInvalidLogin()[pri:2, ...)</span>
                <span class="method-start">130634 ms</span>
              </div> <!-- configuration-method after -->
              <div class="configuration-method before">
                <span class="method-name">setup</span>
                <span class="method-start">131360 ms</span>
              </div> <!-- configuration-method before -->
              <div class="test-method">
                <span class="method-name">validateLogin</span>
                <span class="method-start">142874 ms</span>
              </div> <!-- test-method -->
              <div class="configuration-method after">
                <span class="method-name">tearDown([TestResult name=validateLogin status=SUCCESS method=LoginTest.validateLogin()[pri:2, instance:com.c...)</span>
                <span class="method-start">144226 ms</span>
              </div> <!-- configuration-method after -->
            </div> <!-- chronological-class -->
            <div class="chronological-class">
              <div class="chronological-class-name">com.crm.qa.test.HomeTest</div> <!-- chronological-class-name -->
              <div class="configuration-method before">
                <span class="method-name">setup</span>
                <span class="method-start">144965 ms</span>
              </div> <!-- configuration-method before -->
              <div class="test-method">
                <span class="method-name">verifyManuClick</span>
                <span class="method-start">156687 ms</span>
              </div> <!-- test-method -->
              <div class="configuration-method after">
                <span class="method-name">tearDown([TestResult name=verifyManuClick status=SUCCESS method=HomeTest.verifyManuClick()[pri:2, instance:co...)</span>
                <span class="method-start">158773 ms</span>
              </div> <!-- configuration-method after -->
              <div class="configuration-method before">
                <span class="method-name">setup</span>
                <span class="method-start">159540 ms</span>
              </div> <!-- configuration-method before -->
              <div class="test-method">
                <span class="method-name">verifyCalenderPage</span>
                <span class="method-start">171546 ms</span>
              </div> <!-- test-method -->
              <div class="configuration-method after">
                <span class="method-name">tearDown([TestResult name=verifyCalenderPage status=SUCCESS method=HomeTest.verifyCalenderPage()[pri:3, insta...)</span>
                <span class="method-start">173251 ms</span>
              </div> <!-- configuration-method after -->
              <div class="configuration-method before">
                <span class="method-name">setup</span>
                <span class="method-start">174012 ms</span>
              </div> <!-- configuration-method before -->
              <div class="test-method">
                <span class="method-name">verifyContactPage</span>
                <span class="method-start">185702 ms</span>
              </div> <!-- test-method -->
              <div class="configuration-method after">
                <span class="method-name">tearDown([TestResult name=verifyContactPage status=SUCCESS method=HomeTest.verifyContactPage()[pri:4, instanc...)</span>
                <span class="method-start">187270 ms</span>
              </div> <!-- configuration-method after -->
            </div> <!-- chronological-class -->
            <div class="chronological-class">
              <div class="chronological-class-name">com.crm.qa.test.ContactTest</div> <!-- chronological-class-name -->
              <div class="configuration-method before">
                <span class="method-name">setup</span>
                <span class="method-start">188769 ms</span>
              </div> <!-- configuration-method before -->
              <div class="test-method">
                <span class="method-name">validateCreateContact(Suraj, Kumar, TestCompany1)</span>
                <span class="method-start">200985 ms</span>
              </div> <!-- test-method -->
              <div class="configuration-method after">
                <span class="method-name">tearDown([TestResult name=validateCreateContact status=SUCCESS method=ContactTest.validateCreateContact(java....)</span>
                <span class="method-start">216455 ms</span>
              </div> <!-- configuration-method after -->
              <div class="configuration-method before">
                <span class="method-name">setup</span>
                <span class="method-start">217204 ms</span>
              </div> <!-- configuration-method before -->
              <div class="test-method">
                <img src="failed.png">
                </img>
                <span class="method-name">validateCreateContact(Vashu, Gupta, TestCompany2)</span>
                <span class="method-start">228411 ms</span>
              </div> <!-- test-method -->
              <div class="configuration-method after">
                <span class="method-name">tearDown([TestResult name=validateCreateContact status=FAILURE method=ContactTest.validateCreateContact(java....)</span>
                <span class="method-start">272456 ms</span>
              </div> <!-- configuration-method after -->
              <div class="configuration-method before">
                <span class="method-name">setup</span>
                <span class="method-start">273463 ms</span>
              </div> <!-- configuration-method before -->
              <div class="test-method">
                <img src="failed.png">
                </img>
                <span class="method-name">validateCreateContact(Nazia, Parveen, TestCompany3)</span>
                <span class="method-start">285399 ms</span>
              </div> <!-- test-method -->
              <div class="configuration-method after">
                <span class="method-name">tearDown([TestResult name=validateCreateContact status=FAILURE method=ContactTest.validateCreateContact(java....)</span>
                <span class="method-start">329289 ms</span>
              </div> <!-- configuration-method after -->
              <div class="configuration-method before">
                <span class="method-name">setup</span>
                <span class="method-start">330289 ms</span>
              </div> <!-- configuration-method before -->
              <div class="test-method">
                <img src="failed.png">
                </img>
                <span class="method-name">validateCreateContact(Atul, Kumar, TestCompany4)</span>
                <span class="method-start">342818 ms</span>
              </div> <!-- test-method -->
              <div class="configuration-method after">
                <span class="method-name">tearDown([TestResult name=validateCreateContact status=FAILURE method=ContactTest.validateCreateContact(java....)</span>
                <span class="method-start">386353 ms</span>
              </div> <!-- configuration-method after -->
            </div> <!-- chronological-class -->
            <div class="chronological-class">
              <div class="chronological-class-name">com.crm.qa.test.LoginTest</div> <!-- chronological-class-name -->
              <div class="configuration-suite after">
                <span class="method-name">endreport</span>
                <span class="method-start">387391 ms</span>
              </div> <!-- configuration-suite after -->
          </div> <!-- main-panel-content rounded-window-bottom -->
        </div> <!-- panel -->
      </div> <!-- main-panel-root -->
    </div> <!-- wrapper -->
  </body>
</html>
